<?xml version="1.0" encoding="UTF-8"?>
<!-- Generated by org.testng.reporters.JUnitXMLReporter -->
<testsuite ignored="0" hostname="DESKTOP-N50U8TS" failures="0" tests="6" name="Default test" time="17.726" errors="0" timestamp="2025-08-29T11:30:34 IST">
  <testcase classname="api.test.DDTests" name="testPostUser" time="6.794"/>
  <testcase classname="api.test.DDTests" name="testPostUser" time="1.282"/>
  <testcase classname="api.test.DDTests" name="testPostUser" time="1.221"/>
  <testcase classname="api.test.DDTests" name="testDeleteUserByName" time="1.272"/>
  <testcase classname="api.test.DDTests" name="testDeleteUserByName" time="1.151"/>
  <testcase classname="api.test.DDTests" name="testDeleteUserByName" time="1.234"/>
</testsuite> <!-- Default test -->
