<?xml version="1.0" encoding="UTF-8"?>
<testng-results ignored="0" total="4" passed="4" failed="0" skipped="0">
  <reporter-output>
  </reporter-output>
  <suite started-at="2025-09-01T11:11:43 IST" name="PetSuite" finished-at="2025-09-01T11:11:58 IST" duration-ms="15213">
    <groups>
    </groups>
    <test started-at="2025-09-01T11:11:43 IST" name="PetTests" finished-at="2025-09-01T11:11:58 IST" duration-ms="15213">
      <class name="api.test.UserTests">
        <test-method is-config="true" signature="setup()[pri:0, instance:api.test.UserTests@1ed6388a]" started-at="2025-09-01T11:11:44 IST" name="setup" finished-at="2025-09-01T11:11:47 IST" duration-ms="2327" status="PASS">
          <reporter-output>
          </reporter-output>
        </test-method> <!-- setup -->
        <test-method signature="testPostUser()[pri:1, instance:api.test.UserTests@1ed6388a]" started-at="2025-09-01T11:11:47 IST" name="testPostUser" finished-at="2025-09-01T11:11:53 IST" duration-ms="6471" status="PASS">
          <reporter-output>
          </reporter-output>
        </test-method> <!-- testPostUser -->
        <test-method signature="getUserByName()[pri:2, instance:api.test.UserTests@1ed6388a]" started-at="2025-09-01T11:11:53 IST" name="getUserByName" finished-at="2025-09-01T11:11:55 IST" duration-ms="1377" status="PASS">
          <reporter-output>
          </reporter-output>
        </test-method> <!-- getUserByName -->
        <test-method signature="testUpdateUserByName()[pri:3, instance:api.test.UserTests@1ed6388a]" started-at="2025-09-01T11:11:55 IST" name="testUpdateUserByName" finished-at="2025-09-01T11:11:57 IST" duration-ms="2525" status="PASS">
          <reporter-output>
          </reporter-output>
        </test-method> <!-- testUpdateUserByName -->
        <test-method signature="testDeleteUserByName()[pri:4, instance:api.test.UserTests@1ed6388a]" started-at="2025-09-01T11:11:57 IST" name="testDeleteUserByName" finished-at="2025-09-01T11:11:58 IST" duration-ms="1251" status="PASS">
          <reporter-output>
          </reporter-output>
        </test-method> <!-- testDeleteUserByName -->
      </class> <!-- api.test.UserTests -->
    </test> <!-- PetTests -->
  </suite> <!-- PetSuite -->
</testng-results>
