<?xml version="1.0" encoding="UTF-8"?>
<!-- Generated by org.testng.reporters.JUnitXMLReporter -->
<testsuite ignored="0" hostname="DESKTOP-N50U8TS" failures="0" tests="4" name="PetTests" time="15.32" errors="0" timestamp="2025-09-01T12:12:40 IST">
  <testcase classname="api.test.UserTests" name="testPostUser" time="6.922"/>
  <testcase classname="api.test.UserTests" name="getUserByName" time="1.474"/>
  <testcase classname="api.test.UserTests" name="testUpdateUserByName" time="2.345"/>
  <testcase classname="api.test.UserTests" name="testDeleteUserByName" time="1.201"/>
</testsuite> <!-- PetTests -->
